#
# There is insufficient memory for the Java Runtime Environment to continue.
# Native memory allocation (malloc) failed to allocate 1048576 bytes for AllocateHeap
# Possible reasons:
#   The system is out of physical RAM or swap space
#   The process is running with CompressedOops enabled, and the Java Heap may be blocking the growth of the native heap
# Possible solutions:
#   Reduce memory load on the system
#   Increase physical memory or swap space
#   Check if swap backing store is full
#   Decrease Java heap size (-Xmx/-Xms)
#   Decrease number of Java threads
#   Decrease Java thread stack sizes (-Xss)
#   Set larger code cache with -XX:ReservedCodeCacheSize=
#   JVM is running with Unscaled Compressed Oops mode in which the Java heap is
#     placed in the first 4GB address space. The Java Heap base address is the
#     maximum limit for the native heap growth. Please use -XX:HeapBaseMinAddress
#     to set the Java Heap base and to place the Java Heap above 4GB virtual address.
# This output file may be truncated or incomplete.
#
#  Out of Memory Error (./src/hotspot/share/memory/allocation.cpp:46), pid=2900, tid=4204
#
# JRE version: OpenJDK Runtime Environment (11.0.10) (build 11.0.10+0-b96-7249189)
# Java VM: OpenJDK 64-Bit Server VM (11.0.10+0-b96-7249189, mixed mode, tiered, compressed oops, g1 gc, windows-amd64)
# No core dump will be written. Minidumps are not enabled by default on client versions of Windows
#

---------------  S U M M A R Y ------------

Command Line: -Dorg.gradle.appname=gradlew org.gradle.wrapper.GradleWrapperMain -q -Ptarget-platform=android-x86 -Ptarget=E:\DAM 2\Proyecto\Fooding\Fooding\libs\main.dart -Pbase-application-name=android.app.Application -Pdart-defines=Zmx1dHRlci5pbnNwZWN0b3Iuc3RydWN0dXJlZEVycm9ycz10cnVl,RkxVVFRFUl9XRUJfQVVUT19ERVRFQ1Q9dHJ1ZQ== -Pdart-obfuscation=false -Ptrack-widget-creation=true -Ptree-shake-icons=false -Pfilesystem-scheme=org-dartlang-root assembleDebug

Host: Intel(R) Core(TM) i5-9500 CPU @ 3.00GHz, 6 cores, 7G,  Windows 10 , 64 bit Build 19041 (10.0.19041.1706)
Time: Fri May 27 11:54:48 2022 Hora de verano romance elapsed time: 3.166871 seconds (0d 0h 0m 3s)

---------------  T H R E A D  ---------------

Current thread (0x0000023c4256f800):  VMThread "VM Thread" [stack: 0x000000d69f200000,0x000000d69f300000] [id=4204]

Stack: [0x000000d69f200000,0x000000d69f300000]
[error occurred during error reporting (printing stack bounds), id 0xc0000005, EXCEPTION_ACCESS_VIOLATION (0xc0000005) at pc=0x0000023c2ba50f2d]

Native frames: (J=compiled Java code, j=interpreted, Vv=VM code, C=native code)
V  [jvm.dll+0x5ecfaa]
V  [jvm.dll+0x722bd5]
V  [jvm.dll+0x72412d]
V  [jvm.dll+0x724745]
V  [jvm.dll+0x7246fb]
V  [jvm.dll+0x5ec348]
V  [jvm.dll+0x5ecad8]
C  [ntdll.dll+0xa209f]
C  [ntdll.dll+0x51454]
C  [ntdll.dll+0xa0bce]
C  0x0000023c2ba50f2d

VM_Operation (0x000000d69ecfc870): CollectForMetadataAllocation, mode: safepoint, requested by thread 0x0000023c26762800


---------------  P R O C E S S  ---------------

Threads class SMR info:
_java_thread_list=0x0000023c431c5a40, length=10, elements={
0x0000023c26762800, 0x0000023c42571000, 0x0000023c4257a000, 0x0000023c4258c000,
0x0000023c4258e000, 0x0000023c42590800, 0x0000023c42593800, 0x0000023c42597000,
0x0000023c42598000, 0x0000023c4306d000
}

Java Threads: ( => current thread )
  0x0000023c26762800 JavaThread "main" [_thread_blocked, id=4560, stack(0x000000d69ec00000,0x000000d69ed00000)]
  0x0000023c42571000 JavaThread "Reference Handler" daemon [_thread_blocked, id=7424, stack(0x000000d69f300000,0x000000d69f400000)]
  0x0000023c4257a000 JavaThread "Finalizer" daemon [_thread_blocked, id=568, stack(0x000000d69f400000,0x000000d69f500000)]
  0x0000023c4258c000 JavaThread "Signal Dispatcher" daemon [_thread_blocked, id=1708, stack(0x000000d69f500000,0x000000d69f600000)]
  0x0000023c4258e000 JavaThread "Attach Listener" daemon [_thread_blocked, id=11984, stack(0x000000d69f600000,0x000000d69f700000)]
  0x0000023c42590800 JavaThread "Service Thread" daemon [_thread_blocked, id=11348, stack(0x000000d69f700000,0x000000d69f800000)]
  0x0000023c42593800 JavaThread "C2 CompilerThread0" daemon [_thread_blocked, id=9392, stack(0x000000d69f800000,0x000000d69f900000)]
  0x0000023c42597000 JavaThread "C1 CompilerThread0" daemon [_thread_blocked, id=8464, stack(0x000000d69f900000,0x000000d69fa00000)]
  0x0000023c42598000 JavaThread "Sweeper thread" daemon [_thread_blocked, id=3176, stack(0x000000d69fa00000,0x000000d69fb00000)]
  0x0000023c4306d000 JavaThread "Common-Cleaner" daemon [_thread_blocked, id=6008, stack(0x000000d69fc00000,0x000000d69fd00000)]

Other Threads:
=>0x0000023c4256f800 VMThread "VM Thread" [stack: 0x000000d69f200000,0x000000d69f300000] [id=4204]
  0x0000023c43065800 WatcherThread [stack: 0x000000d69fb00000,0x000000d69fc00000] [id=3496]
  0x0000023c2673b800 GCTaskThread "GC Thread#0" [stack: 0x000000d69ed00000,0x000000d69ee00000] [id=7668]
  0x0000023c4360d000 GCTaskThread "GC Thread#1" [stack: 0x000000d69fd00000,0x000000d69fe00000] [id=2932]
  0x0000023c433fc000 GCTaskThread "GC Thread#2" [stack: 0x000000d69fe00000,0x000000d69ff00000] [id=11768]
  0x0000023c267a6800 ConcurrentGCThread "G1 Main Marker" [stack: 0x000000d69ee00000,0x000000d69ef00000] [id=13032]
  0x0000023c267a9800 ConcurrentGCThread "G1 Conc#0" [stack: 0x000000d69ef00000,0x000000d69f000000] [id=2944]
  0x0000023c430df000 ConcurrentGCThread "G1 Conc#1" [stack: 0x000000d69ff00000,0x000000d6a0000000] [id=12948]
  0x0000023c423c0800 ConcurrentGCThread "G1 Refine#0" [stack: 0x000000d69f000000,0x000000d69f100000] [id=13096]
  0x0000023c423c1800 ConcurrentGCThread "G1 Young RemSet Sampling" [stack: 0x000000d69f100000,0x000000d69f200000] [id=5736]

Threads with active compile tasks:
C2 CompilerThread0   3309  994       4       sun.security.util.math.intpoly.IntegerPolynomial$MutableElement::setDifference (84 bytes)

VM state:at safepoint (normal execution)

VM Mutex/Monitor currently owned by a thread:  ([mutex/lock_event])
[0x0000023c267616b0] Threads_lock - owner thread: 0x0000023c4256f800
[0x0000023c26760a50] Heap_lock - owner thread: 0x0000023c26762800

Heap address: 0x0000000083600000, size: 1994 MB, Compressed Oops mode: 32-bit
Narrow klass base: 0x0000000000000000, Narrow klass shift: 3
Compressed class space size: 1073741824 Address: 0x0000000100000000

Heap:
 garbage-first heap   total 129024K, used 3142K [0x0000000083600000, 0x0000000100000000)
  region size 1024K, 3 young (3072K), 3 survivors (3072K)
 Metaspace       used 14676K, capacity 14882K, committed 14976K, reserved 1071104K
  class space    used 1491K, capacity 1570K, committed 1664K, reserved 1048576K
Heap Regions: E=young(eden), S=young(survivor), O=old, HS=humongous(starts), HC=humongous(continues), CS=collection set, F=free, A=archive, TAMS=top-at-mark-start (previous, next)
|   0|0x0000000083600000, 0x0000000083611a00, 0x0000000083700000|  6%| O|  |TAMS 0x0000000083600000, 0x0000000083611a00| Untracked 
|   1|0x0000000083700000, 0x0000000083700000, 0x0000000083800000|  0%| F|  |TAMS 0x0000000083700000, 0x0000000083700000| Untracked 
|   2|0x0000000083800000, 0x0000000083800000, 0x0000000083900000|  0%| F|  |TAMS 0x0000000083800000, 0x0000000083800000| Untracked 
|   3|0x0000000083900000, 0x0000000083900000, 0x0000000083a00000|  0%| F|  |TAMS 0x0000000083900000, 0x0000000083900000| Untracked 
|   4|0x0000000083a00000, 0x0000000083a00000, 0x0000000083b00000|  0%| F|  |TAMS 0x0000000083a00000, 0x0000000083a00000| Untracked 
|   5|0x0000000083b00000, 0x0000000083b00000, 0x0000000083c00000|  0%| F|  |TAMS 0x0000000083b00000, 0x0000000083b00000| Untracked 
|   6|0x0000000083c00000, 0x0000000083c00000, 0x0000000083d00000|  0%| F|  |TAMS 0x0000000083c00000, 0x0000000083c00000| Untracked 
|   7|0x0000000083d00000, 0x0000000083d00000, 0x0000000083e00000|  0%| F|  |TAMS 0x0000000083d00000, 0x0000000083d00000| Untracked 
|   8|0x0000000083e00000, 0x0000000083e00000, 0x0000000083f00000|  0%| F|  |TAMS 0x0000000083e00000, 0x0000000083e00000| Untracked 
|   9|0x0000000083f00000, 0x0000000083f00000, 0x0000000084000000|  0%| F|  |TAMS 0x0000000083f00000, 0x0000000083f00000| Untracked 
|  10|0x0000000084000000, 0x0000000084000000, 0x0000000084100000|  0%| F|  |TAMS 0x0000000084000000, 0x0000000084000000| Untracked 
|  11|0x0000000084100000, 0x0000000084100000, 0x0000000084200000|  0%| F|  |TAMS 0x0000000084100000, 0x0000000084100000| Untracked 
|  12|0x0000000084200000, 0x0000000084200000, 0x0000000084300000|  0%| F|  |TAMS 0x0000000084200000, 0x0000000084200000| Untracked 
|  13|0x0000000084300000, 0x0000000084300000, 0x0000000084400000|  0%| F|  |TAMS 0x0000000084300000, 0x0000000084300000| Untracked 
|  14|0x0000000084400000, 0x0000000084400000, 0x0000000084500000|  0%| F|  |TAMS 0x0000000084400000, 0x0000000084400000| Untracked 
|  15|0x0000000084500000, 0x0000000084500000, 0x0000000084600000|  0%| F|  |TAMS 0x0000000084500000, 0x0000000084500000| Untracked 
|  16|0x0000000084600000, 0x0000000084600000, 0x0000000084700000|  0%| F|  |TAMS 0x0000000084600000, 0x0000000084600000| Untracked 
|  17|0x0000000084700000, 0x0000000084700000, 0x0000000084800000|  0%| F|  |TAMS 0x0000000084700000, 0x0000000084700000| Untracked 
|  18|0x0000000084800000, 0x0000000084800000, 0x0000000084900000|  0%| F|  |TAMS 0x0000000084800000, 0x0000000084800000| Untracked 
|  19|0x0000000084900000, 0x0000000084900000, 0x0000000084a00000|  0%| F|  |TAMS 0x0000000084900000, 0x0000000084900000| Untracked 
|  20|0x0000000084a00000, 0x0000000084a00000, 0x0000000084b00000|  0%| F|  |TAMS 0x0000000084a00000, 0x0000000084a00000| Untracked 
|  21|0x0000000084b00000, 0x0000000084b00000, 0x0000000084c00000|  0%| F|  |TAMS 0x0000000084b00000, 0x0000000084b00000| Untracked 
|  22|0x0000000084c00000, 0x0000000084c00000, 0x0000000084d00000|  0%| F|  |TAMS 0x0000000084c00000, 0x0000000084c00000| Untracked 
|  23|0x0000000084d00000, 0x0000000084d00000, 0x0000000084e00000|  0%| F|  |TAMS 0x0000000084d00000, 0x0000000084d00000| Untracked 
|  24|0x0000000084e00000, 0x0000000084e00000, 0x0000000084f00000|  0%| F|  |TAMS 0x0000000084e00000, 0x0000000084e00000| Untracked 
|  25|0x0000000084f00000, 0x0000000084f00000, 0x0000000085000000|  0%| F|  |TAMS 0x0000000084f00000, 0x0000000084f00000| Untracked 
|  26|0x0000000085000000, 0x0000000085000000, 0x0000000085100000|  0%| F|  |TAMS 0x0000000085000000, 0x0000000085000000| Untracked 
|  27|0x0000000085100000, 0x0000000085100000, 0x0000000085200000|  0%| F|  |TAMS 0x0000000085100000, 0x0000000085100000| Untracked 
|  28|0x0000000085200000, 0x0000000085200000, 0x0000000085300000|  0%| F|  |TAMS 0x0000000085200000, 0x0000000085200000| Untracked 
|  29|0x0000000085300000, 0x0000000085300000, 0x0000000085400000|  0%| F|  |TAMS 0x0000000085300000, 0x0000000085300000| Untracked 
|  30|0x0000000085400000, 0x0000000085400000, 0x0000000085500000|  0%| F|  |TAMS 0x0000000085400000, 0x0000000085400000| Untracked 
|  31|0x0000000085500000, 0x0000000085500000, 0x0000000085600000|  0%| F|  |TAMS 0x0000000085500000, 0x0000000085500000| Untracked 
|  32|0x0000000085600000, 0x0000000085600000, 0x0000000085700000|  0%| F|  |TAMS 0x0000000085600000, 0x0000000085600000| Untracked 
|  33|0x0000000085700000, 0x0000000085700000, 0x0000000085800000|  0%| F|  |TAMS 0x0000000085700000, 0x0000000085700000| Untracked 
|  34|0x0000000085800000, 0x0000000085800000, 0x0000000085900000|  0%| F|  |TAMS 0x0000000085800000, 0x0000000085800000| Untracked 
|  35|0x0000000085900000, 0x0000000085900000, 0x0000000085a00000|  0%| F|  |TAMS 0x0000000085900000, 0x0000000085900000| Untracked 
|  36|0x0000000085a00000, 0x0000000085a00000, 0x0000000085b00000|  0%| F|  |TAMS 0x0000000085a00000, 0x0000000085a00000| Untracked 
|  37|0x0000000085b00000, 0x0000000085b00000, 0x0000000085c00000|  0%| F|  |TAMS 0x0000000085b00000, 0x0000000085b00000| Untracked 
|  38|0x0000000085c00000, 0x0000000085c00000, 0x0000000085d00000|  0%| F|  |TAMS 0x0000000085c00000, 0x0000000085c00000| Untracked 
|  39|0x0000000085d00000, 0x0000000085d00000, 0x0000000085e00000|  0%| F|  |TAMS 0x0000000085d00000, 0x0000000085d00000| Untracked 
|  40|0x0000000085e00000, 0x0000000085e00000, 0x0000000085f00000|  0%| F|  |TAMS 0x0000000085e00000, 0x0000000085e00000| Untracked 
|  41|0x0000000085f00000, 0x0000000085f00000, 0x0000000086000000|  0%| F|  |TAMS 0x0000000085f00000, 0x0000000085f00000| Untracked 
|  42|0x0000000086000000, 0x0000000086000000, 0x0000000086100000|  0%| F|  |TAMS 0x0000000086000000, 0x0000000086000000| Untracked 
|  43|0x0000000086100000, 0x0000000086100000, 0x0000000086200000|  0%| F|  |TAMS 0x0000000086100000, 0x0000000086100000| Untracked 
|  44|0x0000000086200000, 0x0000000086200000, 0x0000000086300000|  0%| F|  |TAMS 0x0000000086200000, 0x0000000086200000| Untracked 
|  45|0x0000000086300000, 0x0000000086300000, 0x0000000086400000|  0%| F|  |TAMS 0x0000000086300000, 0x0000000086300000| Untracked 
|  46|0x0000000086400000, 0x0000000086400000, 0x0000000086500000|  0%| F|  |TAMS 0x0000000086400000, 0x0000000086400000| Untracked 
|  47|0x0000000086500000, 0x0000000086500000, 0x0000000086600000|  0%| F|  |TAMS 0x0000000086500000, 0x0000000086500000| Untracked 
|  48|0x0000000086600000, 0x0000000086600000, 0x0000000086700000|  0%| F|  |TAMS 0x0000000086600000, 0x0000000086600000| Untracked 
|  49|0x0000000086700000, 0x0000000086700000, 0x0000000086800000|  0%| F|  |TAMS 0x0000000086700000, 0x0000000086700000| Untracked 
|  50|0x0000000086800000, 0x0000000086800000, 0x0000000086900000|  0%| F|  |TAMS 0x0000000086800000, 0x0000000086800000| Untracked 
|  51|0x0000000086900000, 0x0000000086900000, 0x0000000086a00000|  0%| F|  |TAMS 0x0000000086900000, 0x0000000086900000| Untracked 
|  52|0x0000000086a00000, 0x0000000086a00000, 0x0000000086b00000|  0%| F|  |TAMS 0x0000000086a00000, 0x0000000086a00000| Untracked 
|  53|0x0000000086b00000, 0x0000000086b00000, 0x0000000086c00000|  0%| F|  |TAMS 0x0000000086b00000, 0x0000000086b00000| Untracked 
|  54|0x0000000086c00000, 0x0000000086c00000, 0x0000000086d00000|  0%| F|  |TAMS 0x0000000086c00000, 0x0000000086c00000| Untracked 
|  55|0x0000000086d00000, 0x0000000086d00000, 0x0000000086e00000|  0%| F|  |TAMS 0x0000000086d00000, 0x0000000086d00000| Untracked 
|  56|0x0000000086e00000, 0x0000000086e00000, 0x0000000086f00000|  0%| F|  |TAMS 0x0000000086e00000, 0x0000000086e00000| Untracked 
|  57|0x0000000086f00000, 0x0000000086f00000, 0x0000000087000000|  0%| F|  |TAMS 0x0000000086f00000, 0x0000000086f00000| Untracked 
|  58|0x0000000087000000, 0x0000000087000000, 0x0000000087100000|  0%| F|  |TAMS 0x0000000087000000, 0x0000000087000000| Untracked 
|  59|0x0000000087100000, 0x0000000087100000, 0x0000000087200000|  0%| F|  |TAMS 0x0000000087100000, 0x0000000087100000| Untracked 
|  60|0x0000000087200000, 0x0000000087200000, 0x0000000087300000|  0%| F|  |TAMS 0x0000000087200000, 0x0000000087200000| Untracked 
|  61|0x0000000087300000, 0x0000000087300000, 0x0000000087400000|  0%| F|  |TAMS 0x0000000087300000, 0x0000000087300000| Untracked 
|  62|0x0000000087400000, 0x0000000087400000, 0x0000000087500000|  0%| F|  |TAMS 0x0000000087400000, 0x0000000087400000| Untracked 
|  63|0x0000000087500000, 0x0000000087500000, 0x0000000087600000|  0%| F|  |TAMS 0x0000000087500000, 0x0000000087500000| Untracked 
|  64|0x0000000087600000, 0x0000000087600000, 0x0000000087700000|  0%| F|  |TAMS 0x0000000087600000, 0x0000000087600000| Untracked 
|  65|0x0000000087700000, 0x0000000087700000, 0x0000000087800000|  0%| F|  |TAMS 0x0000000087700000, 0x0000000087700000| Untracked 
|  66|0x0000000087800000, 0x0000000087800000, 0x0000000087900000|  0%| F|  |TAMS 0x0000000087800000, 0x0000000087800000| Untracked 
|  67|0x0000000087900000, 0x0000000087900000, 0x0000000087a00000|  0%| F|  |TAMS 0x0000000087900000, 0x0000000087900000| Untracked 
|  68|0x0000000087a00000, 0x0000000087a00000, 0x0000000087b00000|  0%| F|  |TAMS 0x0000000087a00000, 0x0000000087a00000| Untracked 
|  69|0x0000000087b00000, 0x0000000087b00000, 0x0000000087c00000|  0%| F|  |TAMS 0x0000000087b00000, 0x0000000087b00000| Untracked 
|  70|0x0000000087c00000, 0x0000000087c00000, 0x0000000087d00000|  0%| F|  |TAMS 0x0000000087c00000, 0x0000000087c00000| Untracked 
|  71|0x0000000087d00000, 0x0000000087d00000, 0x0000000087e00000|  0%| F|  |TAMS 0x0000000087d00000, 0x0000000087d00000| Untracked 
|  72|0x0000000087e00000, 0x0000000087e00000, 0x0000000087f00000|  0%| F|  |TAMS 0x0000000087e00000, 0x0000000087e00000| Untracked 
|  73|0x0000000087f00000, 0x0000000087f00000, 0x0000000088000000|  0%| F|  |TAMS 0x0000000087f00000, 0x0000000087f00000| Untracked 
|  74|0x0000000088000000, 0x0000000088000000, 0x0000000088100000|  0%| F|  |TAMS 0x0000000088000000, 0x0000000088000000| Untracked 
|  75|0x0000000088100000, 0x0000000088100000, 0x0000000088200000|  0%| F|  |TAMS 0x0000000088100000, 0x0000000088100000| Untracked 
|  76|0x0000000088200000, 0x0000000088200000, 0x0000000088300000|  0%| F|  |TAMS 0x0000000088200000, 0x0000000088200000| Untracked 
|  77|0x0000000088300000, 0x0000000088300000, 0x0000000088400000|  0%| F|  |TAMS 0x0000000088300000, 0x0000000088300000| Untracked 
|  78|0x0000000088400000, 0x0000000088400000, 0x0000000088500000|  0%| F|  |TAMS 0x0000000088400000, 0x0000000088400000| Untracked 
|  79|0x0000000088500000, 0x0000000088500000, 0x0000000088600000|  0%| F|  |TAMS 0x0000000088500000, 0x0000000088500000| Untracked 
|  80|0x0000000088600000, 0x0000000088600000, 0x0000000088700000|  0%| F|  |TAMS 0x0000000088600000, 0x0000000088600000| Untracked 
|  81|0x0000000088700000, 0x0000000088700000, 0x0000000088800000|  0%| F|  |TAMS 0x0000000088700000, 0x0000000088700000| Untracked 
|  82|0x0000000088800000, 0x0000000088800000, 0x0000000088900000|  0%| F|  |TAMS 0x0000000088800000, 0x0000000088800000| Untracked 
|  83|0x0000000088900000, 0x0000000088900000, 0x0000000088a00000|  0%| F|  |TAMS 0x0000000088900000, 0x0000000088900000| Untracked 
|  84|0x0000000088a00000, 0x0000000088a00000, 0x0000000088b00000|  0%| F|  |TAMS 0x0000000088a00000, 0x0000000088a00000| Untracked 
|  85|0x0000000088b00000, 0x0000000088b00000, 0x0000000088c00000|  0%| F|  |TAMS 0x0000000088b00000, 0x0000000088b00000| Untracked 
|  86|0x0000000088c00000, 0x0000000088c00000, 0x0000000088d00000|  0%| F|  |TAMS 0x0000000088c00000, 0x0000000088c00000| Untracked 
|  87|0x0000000088d00000, 0x0000000088d00000, 0x0000000088e00000|  0%| F|  |TAMS 0x0000000088d00000, 0x0000000088d00000| Untracked 
|  88|0x0000000088e00000, 0x0000000088e00000, 0x0000000088f00000|  0%| F|  |TAMS 0x0000000088e00000, 0x0000000088e00000| Untracked 
|  89|0x0000000088f00000, 0x0000000088f00000, 0x0000000089000000|  0%| F|  |TAMS 0x0000000088f00000, 0x0000000088f00000| Untracked 
|  90|0x0000000089000000, 0x0000000089000000, 0x0000000089100000|  0%| F|  |TAMS 0x0000000089000000, 0x0000000089000000| Untracked 
|  91|0x0000000089100000, 0x0000000089100000, 0x0000000089200000|  0%| F|  |TAMS 0x0000000089100000, 0x0000000089100000| Untracked 
|  92|0x0000000089200000, 0x0000000089200000, 0x0000000089300000|  0%| F|  |TAMS 0x0000000089200000, 0x0000000089200000| Untracked 
|  93|0x0000000089300000, 0x0000000089300000, 0x0000000089400000|  0%| F|  |TAMS 0x0000000089300000, 0x0000000089300000| Untracked 
|  94|0x0000000089400000, 0x0000000089400000, 0x0000000089500000|  0%| F|  |TAMS 0x0000000089400000, 0x0000000089400000| Untracked 
|  95|0x0000000089500000, 0x0000000089500000, 0x0000000089600000|  0%| F|  |TAMS 0x0000000089500000, 0x0000000089500000| Untracked 
|  96|0x0000000089600000, 0x0000000089600000, 0x0000000089700000|  0%| F|  |TAMS 0x0000000089600000, 0x0000000089600000| Untracked 
|  97|0x0000000089700000, 0x0000000089700000, 0x0000000089800000|  0%| F|  |TAMS 0x0000000089700000, 0x0000000089700000| Untracked 
|  98|0x0000000089800000, 0x0000000089800000, 0x0000000089900000|  0%| F|  |TAMS 0x0000000089800000, 0x0000000089800000| Untracked 
|  99|0x0000000089900000, 0x0000000089900000, 0x0000000089a00000|  0%| F|  |TAMS 0x0000000089900000, 0x0000000089900000| Untracked 
| 100|0x0000000089a00000, 0x0000000089a00000, 0x0000000089b00000|  0%| F|  |TAMS 0x0000000089a00000, 0x0000000089a00000| Untracked 
| 101|0x0000000089b00000, 0x0000000089b00000, 0x0000000089c00000|  0%| F|  |TAMS 0x0000000089b00000, 0x0000000089b00000| Untracked 
| 102|0x0000000089c00000, 0x0000000089c00000, 0x0000000089d00000|  0%| F|  |TAMS 0x0000000089c00000, 0x0000000089c00000| Untracked 
| 103|0x0000000089d00000, 0x0000000089d00000, 0x0000000089e00000|  0%| F|  |TAMS 0x0000000089d00000, 0x0000000089d00000| Untracked 
| 104|0x0000000089e00000, 0x0000000089e00000, 0x0000000089f00000|  0%| F|  |TAMS 0x0000000089e00000, 0x0000000089e00000| Untracked 
| 105|0x0000000089f00000, 0x000000008a000000, 0x000000008a000000|100%| S|CS|TAMS 0x0000000089f00000, 0x0000000089f00000| Complete 
| 106|0x000000008a000000, 0x000000008a100000, 0x000000008a100000|100%| S|CS|TAMS 0x000000008a000000, 0x000000008a000000| Complete 
| 107|0x000000008a100000, 0x000000008a200000, 0x000000008a200000|100%| S|CS|TAMS 0x000000008a100000, 0x000000008a100000| Complete 
| 108|0x000000008a200000, 0x000000008a200000, 0x000000008a300000|  0%| F|  |TAMS 0x000000008a200000, 0x000000008a200000| Untracked 
| 109|0x000000008a300000, 0x000000008a300000, 0x000000008a400000|  0%| F|  |TAMS 0x000000008a300000, 0x000000008a300000| Untracked 
| 110|0x000000008a400000, 0x000000008a400000, 0x000000008a500000|  0%| F|  |TAMS 0x000000008a400000, 0x000000008a400000| Untracked 
| 111|0x000000008a500000, 0x000000008a500000, 0x000000008a600000|  0%| F|  |TAMS 0x000000008a500000, 0x000000008a500000| Untracked 
| 112|0x000000008a600000, 0x000000008a600000, 0x000000008a700000|  0%| F|  |TAMS 0x000000008a600000, 0x000000008a600000| Untracked 
| 113|0x000000008a700000, 0x000000008a700000, 0x000000008a800000|  0%| F|  |TAMS 0x000000008a700000, 0x000000008a700000| Untracked 
| 114|0x000000008a800000, 0x000000008a800000, 0x000000008a900000|  0%| F|  |TAMS 0x000000008a800000, 0x000000008a800000| Untracked 
| 115|0x000000008a900000, 0x000000008a900000, 0x000000008aa00000|  0%| F|  |TAMS 0x000000008a900000, 0x000000008a900000| Untracked 
| 116|0x000000008aa00000, 0x000000008aa00000, 0x000000008ab00000|  0%| F|  |TAMS 0x000000008aa00000, 0x000000008aa00000| Untracked 
| 117|0x000000008ab00000, 0x000000008ab00000, 0x000000008ac00000|  0%| F|  |TAMS 0x000000008ab00000, 0x000000008ab00000| Untracked 
| 118|0x000000008ac00000, 0x000000008ac00000, 0x000000008ad00000|  0%| F|  |TAMS 0x000000008ac00000, 0x000000008ac00000| Untracked 
| 119|0x000000008ad00000, 0x000000008ad00000, 0x000000008ae00000|  0%| F|  |TAMS 0x000000008ad00000, 0x000000008ad00000| Untracked 
| 120|0x000000008ae00000, 0x000000008ae00000, 0x000000008af00000|  0%| F|  |TAMS 0x000000008ae00000, 0x000000008ae00000| Untracked 
| 121|0x000000008af00000, 0x000000008af00000, 0x000000008b000000|  0%| F|  |TAMS 0x000000008af00000, 0x000000008af00000| Untracked 
| 122|0x000000008b000000, 0x000000008b000000, 0x000000008b100000|  0%| F|  |TAMS 0x000000008b000000, 0x000000008b000000| Untracked 
| 123|0x000000008b100000, 0x000000008b100000, 0x000000008b200000|  0%| F|  |TAMS 0x000000008b100000, 0x000000008b100000| Untracked 
| 124|0x000000008b200000, 0x000000008b200000, 0x000000008b300000|  0%| F|  |TAMS 0x000000008b200000, 0x000000008b200000| Untracked 
| 125|0x000000008b300000, 0x000000008b300000, 0x000000008b400000|  0%| F|  |TAMS 0x000000008b300000, 0x000000008b300000| Untracked 

Card table byte_map: [0x0000023c3b680000,0x0000023c3ba70000] _byte_map_base: 0x0000023c3b265000

Marking Bits (Prev, Next): (CMBitMap*) 0x0000023c2679db48, (CMBitMap*) 0x0000023c2679db80
 Prev Bits: [0x0000023c3be60000, 0x0000023c3dd88000)
 Next Bits: [0x0000023c3dd90000, 0x0000023c3fcb8000)

Polling page: 0x0000023c26630000

Metaspace:

Usage:
  Non-class:     13.00 MB capacity,    12.88 MB (>99%) used,   109.23 KB ( <1%) free+waste,    17.69 KB ( <1%) overhead. 
      Class:      1.53 MB capacity,     1.46 MB ( 95%) used,    71.31 KB (  5%) free+waste,     7.56 KB ( <1%) overhead. 
       Both:     14.53 MB capacity,    14.33 MB ( 99%) used,   180.54 KB (  1%) free+waste,    25.25 KB ( <1%) overhead. 

Virtual space:
  Non-class space:       22.00 MB reserved,      13.00 MB ( 59%) committed 
      Class space:        1.00 GB reserved,       1.63 MB ( <1%) committed 
             Both:        1.02 GB reserved,      14.63 MB (  1%) committed 

Chunk freelists:
   Non-Class:  0 bytes
       Class:  30.00 KB
        Both:  30.00 KB

MaxMetaspaceSize: 17179869184.00 GB
CompressedClassSpaceSize: 1.00 GB

CodeHeap 'non-profiled nmethods': size=120064Kb used=352Kb max_used=352Kb free=119711Kb
 bounds [0x0000023c33510000, 0x0000023c33780000, 0x0000023c3aa50000]
CodeHeap 'profiled nmethods': size=120000Kb used=1747Kb max_used=1747Kb free=118253Kb
 bounds [0x0000023c2bfe0000, 0x0000023c2c250000, 0x0000023c33510000]
CodeHeap 'non-nmethods': size=5696Kb used=1104Kb max_used=1120Kb free=4591Kb
 bounds [0x0000023c2ba50000, 0x0000023c2bcc0000, 0x0000023c2bfe0000]
 total_blobs=1425 nmethods=1002 adapters=335
 compilation: enabled
              stopped_count=0, restarted_count=0
 full_count=0

Compilation events (20 events):
Event: 3.041 Thread 0x0000023c42597000  998       3       jdk.internal.org.objectweb.asm.Item::<init> (5 bytes)
Event: 3.042 Thread 0x0000023c42597000 nmethod 998 0x0000023c2c191c10 code [0x0000023c2c191dc0, 0x0000023c2c191f18]
Event: 3.042 Thread 0x0000023c42597000 1000       3       java.lang.invoke.MethodType::toMethodDescriptorString (28 bytes)
Event: 3.042 Thread 0x0000023c42597000 nmethod 1000 0x0000023c2c192010 code [0x0000023c2c1921c0, 0x0000023c2c1923a8]
Event: 3.042 Thread 0x0000023c42597000 1001       3       java.lang.invoke.LambdaForm::uncustomize (57 bytes)
Event: 3.042 Thread 0x0000023c42597000 nmethod 1001 0x0000023c2c192490 code [0x0000023c2c192660, 0x0000023c2c192948]
Event: 3.042 Thread 0x0000023c42597000 1002       3       java.lang.invoke.Invokers$Holder::linkToTargetMethod (9 bytes)
Event: 3.042 Thread 0x0000023c42597000 nmethod 1002 0x0000023c2c192a90 code [0x0000023c2c192c60, 0x0000023c2c193018]
Event: 3.042 Thread 0x0000023c42597000 1004       3       java.math.BigInteger::<init> (38 bytes)
Event: 3.043 Thread 0x0000023c42597000 nmethod 1004 0x0000023c2c193110 code [0x0000023c2c193300, 0x0000023c2c193808]
Event: 3.043 Thread 0x0000023c42597000 1003       3       java.lang.invoke.DirectMethodHandle$Holder::invokeStatic (14 bytes)
Event: 3.043 Thread 0x0000023c42593800 nmethod 991 0x0000023c33567b90 code [0x0000023c33567d20, 0x0000023c33567f38]
Event: 3.043 Thread 0x0000023c42593800  994       4       sun.security.util.math.intpoly.IntegerPolynomial$MutableElement::setDifference (84 bytes)
Event: 3.043 Thread 0x0000023c42597000 nmethod 1003 0x0000023c2c193a10 code [0x0000023c2c193be0, 0x0000023c2c1940d8]
Event: 3.044 Thread 0x0000023c42597000 1006       1       sun.security.provider.DigestBase::engineGetDigestLength (5 bytes)
Event: 3.044 Thread 0x0000023c42597000 nmethod 1006 0x0000023c33568010 code [0x0000023c335681c0, 0x0000023c33568278]
Event: 3.044 Thread 0x0000023c42597000 1007       3       sun.security.provider.ByteArrayAccess::i2bBig4 (111 bytes)
Event: 3.044 Thread 0x0000023c42597000 nmethod 1007 0x0000023c2c194210 code [0x0000023c2c1943e0, 0x0000023c2c194668]
Event: 3.045 Thread 0x0000023c42597000 1008       3       java.security.MessageDigest::update (14 bytes)
Event: 3.045 Thread 0x0000023c42597000 nmethod 1008 0x0000023c2c194790 code [0x0000023c2c194940, 0x0000023c2c194b28]

GC Heap History (2 events):
Event: 3.119 GC heap before
{Heap before GC invocations=0 (full 0):
 garbage-first heap   total 129024K, used 16384K [0x0000000083600000, 0x0000000100000000)
  region size 1024K, 18 young (18432K), 0 survivors (0K)
 Metaspace       used 14676K, capacity 14882K, committed 14976K, reserved 1069056K
  class space    used 1491K, capacity 1570K, committed 1664K, reserved 1048576K
}
Event: 3.124 GC heap after
{Heap after GC invocations=1 (full 0):
 garbage-first heap   total 129024K, used 3142K [0x0000000083600000, 0x0000000100000000)
  region size 1024K, 3 young (3072K), 3 survivors (3072K)
 Metaspace       used 14676K, capacity 14882K, committed 14976K, reserved 1069056K
  class space    used 1491K, capacity 1570K, committed 1664K, reserved 1048576K
}

Deoptimization events (20 events):
Event: 2.874 Thread 0x0000023c26762800 DEOPT PACKING pc=0x0000023c335589f0 sp=0x000000d69ecfb7f0
Event: 2.874 Thread 0x0000023c26762800 DEOPT UNPACKING pc=0x0000023c2ba778af sp=0x000000d69ecfb758 mode 2
Event: 2.882 Thread 0x0000023c26762800 Uncommon trap: trap_request=0xffffffde fr.pc=0x0000023c33554b18 relative=0x00000000000020d8
Event: 2.882 Thread 0x0000023c26762800 Uncommon trap: reason=class_check action=maybe_recompile pc=0x0000023c33554b18 method=sun.security.util.AbstractAlgorithmConstraints.checkAlgorithm(Ljava/util/List;Ljava/lang/String;Lsun/security/util/AlgorithmDecomposer;)Z @ 86 c2
Event: 2.882 Thread 0x0000023c26762800 DEOPT PACKING pc=0x0000023c33554b18 sp=0x000000d69ecfde40
Event: 2.882 Thread 0x0000023c26762800 DEOPT UNPACKING pc=0x0000023c2ba778af sp=0x000000d69ecfde28 mode 2
Event: 2.882 Thread 0x0000023c26762800 Uncommon trap: trap_request=0xffffffde fr.pc=0x0000023c33554b18 relative=0x00000000000020d8
Event: 2.882 Thread 0x0000023c26762800 Uncommon trap: reason=class_check action=maybe_recompile pc=0x0000023c33554b18 method=sun.security.util.AbstractAlgorithmConstraints.checkAlgorithm(Ljava/util/List;Ljava/lang/String;Lsun/security/util/AlgorithmDecomposer;)Z @ 86 c2
Event: 2.882 Thread 0x0000023c26762800 DEOPT PACKING pc=0x0000023c33554b18 sp=0x000000d69ecfde00
Event: 2.882 Thread 0x0000023c26762800 DEOPT UNPACKING pc=0x0000023c2ba778af sp=0x000000d69ecfde00 mode 2
Event: 2.882 Thread 0x0000023c26762800 Uncommon trap: trap_request=0xffffffde fr.pc=0x0000023c33554b18 relative=0x00000000000020d8
Event: 2.882 Thread 0x0000023c26762800 Uncommon trap: reason=class_check action=maybe_recompile pc=0x0000023c33554b18 method=sun.security.util.AbstractAlgorithmConstraints.checkAlgorithm(Ljava/util/List;Ljava/lang/String;Lsun/security/util/AlgorithmDecomposer;)Z @ 86 c2
Event: 2.882 Thread 0x0000023c26762800 DEOPT PACKING pc=0x0000023c33554b18 sp=0x000000d69ecfde00
Event: 2.882 Thread 0x0000023c26762800 DEOPT UNPACKING pc=0x0000023c2ba778af sp=0x000000d69ecfde00 mode 2
Event: 2.882 Thread 0x0000023c26762800 Uncommon trap: trap_request=0xffffffde fr.pc=0x0000023c33554b18 relative=0x00000000000020d8
Event: 2.882 Thread 0x0000023c26762800 Uncommon trap: reason=class_check action=maybe_recompile pc=0x0000023c33554b18 method=sun.security.util.AbstractAlgorithmConstraints.checkAlgorithm(Ljava/util/List;Ljava/lang/String;Lsun/security/util/AlgorithmDecomposer;)Z @ 86 c2
Event: 2.882 Thread 0x0000023c26762800 DEOPT PACKING pc=0x0000023c33554b18 sp=0x000000d69ecfde00
Event: 2.882 Thread 0x0000023c26762800 DEOPT UNPACKING pc=0x0000023c2ba778af sp=0x000000d69ecfde00 mode 2
Event: 2.897 Thread 0x0000023c26762800 DEOPT PACKING pc=0x0000023c2c15f1dd sp=0x000000d69ecfd940
Event: 2.897 Thread 0x0000023c26762800 DEOPT UNPACKING pc=0x0000023c2ba776ce sp=0x000000d69ecfcdf8 mode 0

Classes redefined (0 events):
No events

Internal exceptions (9 events):
Event: 1.155 Thread 0x0000023c26762800 Exception <a 'java/lang/NoSuchMethodError'{0x000000008b2a7d58}: 'int java.lang.invoke.DirectMethodHandle$Holder.invokeSpecialIFC(java.lang.Object, java.lang.Object, int)'> (0x000000008b2a7d58) thrown at [./src/hotspot/share/interpreter/linkResolver.cpp, line 773]
Event: 1.805 Thread 0x0000023c26762800 Exception <a 'java/lang/NoSuchMethodError'{0x000000008b0a7f88}: 'java.lang.Object java.lang.invoke.DirectMethodHandle$Holder.invokeStaticInit(java.lang.Object, int, int, int, int)'> (0x000000008b0a7f88) thrown at [./src/hotspot/share/interpreter/linkResolver.cpp, line 773]
Event: 1.825 Thread 0x0000023c26762800 Exception <a 'sun/nio/fs/WindowsException'{0x000000008b0adef0}> (0x000000008b0adef0) thrown at [./src/hotspot/share/prims/jni.cpp, line 615]
Event: 1.862 Thread 0x0000023c26762800 Exception <a 'java/lang/NoSuchMethodError'{0x000000008b0cc4f0}: 'int java.lang.invoke.DirectMethodHandle$Holder.invokeStaticInit(java.lang.Object, java.lang.Object, java.lang.Object, java.lang.Object)'> (0x000000008b0cc4f0) thrown at [./src/hotspot/share/interpreter/linkResolver.cpp, line 773]
Event: 1.863 Thread 0x0000023c26762800 Exception <a 'java/lang/IncompatibleClassChangeError'{0x000000008b0d5f68}: Found class java.lang.Object, but interface was expected> (0x000000008b0d5f68) thrown at [./src/hotspot/share/interpreter/linkResolver.cpp, line 839]
Event: 1.864 Thread 0x0000023c26762800 Exception <a 'java/lang/NoSuchMethodError'{0x000000008b0d9470}: 'void java.lang.invoke.DirectMethodHandle$Holder.invokeStaticInit(java.lang.Object, java.lang.Object)'> (0x000000008b0d9470) thrown at [./src/hotspot/share/interpreter/linkResolver.cpp, line 773]
Event: 1.865 Thread 0x0000023c26762800 Exception <a 'java/lang/NoSuchMethodError'{0x000000008b0df638}: 'int java.lang.invoke.DirectMethodHandle$Holder.invokeStaticInit(java.lang.Object, java.lang.Object)'> (0x000000008b0df638) thrown at [./src/hotspot/share/interpreter/linkResolver.cpp, line 773]
Event: 1.968 Thread 0x0000023c26762800 Implicit null exception at 0x0000023c33529295 to 0x0000023c3352934c
Event: 2.308 Thread 0x0000023c26762800 Exception <a 'java/lang/NoSuchMethodError'{0x000000008a971fe8}: 'java.lang.Object java.lang.invoke.DirectMethodHandle$Holder.invokeStaticInit(java.lang.Object, java.lang.Object, int, int, int, int)'> (0x000000008a971fe8) thrown at [./src/hotspot/share/interpreter/linkResolver.cpp, line 773]

Events (20 events):
Event: 3.045 loading class sun/security/ssl/ChangeCipherSpec$T10ChangeCipherSpecProducer
Event: 3.045 loading class sun/security/ssl/ChangeCipherSpec$T10ChangeCipherSpecProducer done
Event: 3.045 loading class sun/security/ssl/ChangeCipherSpec$T13ChangeCipherSpecConsumer
Event: 3.046 loading class sun/security/ssl/ChangeCipherSpec$T13ChangeCipherSpecConsumer done
Event: 3.046 loading class sun/security/ssl/Authenticator$TLS10Authenticator
Event: 3.046 loading class sun/security/ssl/Authenticator$TLS10Authenticator done
Event: 3.046 loading class sun/security/ssl/SSLCipher$T12GcmWriteCipherGenerator$GcmWriteCipher
Event: 3.046 loading class sun/security/ssl/SSLCipher$T12GcmWriteCipherGenerator$GcmWriteCipher done
Event: 3.046 loading class javax/crypto/NullCipher
Event: 3.046 loading class javax/crypto/NullCipher done
Event: 3.046 loading class javax/crypto/spec/GCMParameterSpec
Event: 3.046 loading class javax/crypto/spec/GCMParameterSpec done
Event: 3.046 loading class com/sun/crypto/provider/AESCipher$General
Event: 3.105 loading class com/sun/crypto/provider/AESCipher
Event: 3.105 loading class javax/crypto/CipherSpi
Event: 3.105 loading class javax/crypto/CipherSpi done
Event: 3.105 loading class com/sun/crypto/provider/AESCipher done
Event: 3.105 loading class com/sun/crypto/provider/AESCipher$General done
Event: 3.105 loading class com/sun/crypto/provider/CipherCore
Event: 3.119 Executing VM operation: CollectForMetadataAllocation


Dynamic libraries:
0x00007ff738d60000 - 0x00007ff738d6a000 	E:\AndroidProyec\jre\bin\java.exe
0x00007fff366f0000 - 0x00007fff368e5000 	C:\WINDOWS\SYSTEM32\ntdll.dll
0x00007fff34740000 - 0x00007fff347fd000 	C:\WINDOWS\System32\KERNEL32.DLL
0x00007fff33e00000 - 0x00007fff340cd000 	C:\WINDOWS\System32\KERNELBASE.dll
0x00007fff34150000 - 0x00007fff34250000 	C:\WINDOWS\System32\ucrtbase.dll
0x00007fff2fa70000 - 0x00007fff2fa89000 	E:\AndroidProyec\jre\bin\jli.dll
0x00007fff2fa50000 - 0x00007fff2fa67000 	E:\AndroidProyec\jre\bin\VCRUNTIME140.dll
0x00007fff34930000 - 0x00007fff34ad0000 	C:\WINDOWS\System32\USER32.dll
0x00007fff34400000 - 0x00007fff34422000 	C:\WINDOWS\System32\win32u.dll
0x00007fff25fd0000 - 0x00007fff2626a000 	C:\WINDOWS\WinSxS\amd64_microsoft.windows.common-controls_6595b64144ccf1df_6.0.19041.1110_none_60b5254171f9507e\COMCTL32.dll
0x00007fff35f30000 - 0x00007fff35f5a000 	C:\WINDOWS\System32\GDI32.dll
0x00007fff34e30000 - 0x00007fff34ece000 	C:\WINDOWS\System32\msvcrt.dll
0x00007fff34250000 - 0x00007fff3435b000 	C:\WINDOWS\System32\gdi32full.dll
0x00007fff34360000 - 0x00007fff343fd000 	C:\WINDOWS\System32\msvcp_win.dll
0x00007fff35f60000 - 0x00007fff35f90000 	C:\WINDOWS\System32\IMM32.DLL
0x00007ffed6980000 - 0x00007ffed6a1d000 	E:\AndroidProyec\jre\bin\msvcp140.dll
0x00007ffed2a30000 - 0x00007ffed34ff000 	E:\AndroidProyec\jre\bin\server\jvm.dll
0x00007fff36280000 - 0x00007fff3632e000 	C:\WINDOWS\System32\ADVAPI32.dll
0x00007fff35680000 - 0x00007fff3571c000 	C:\WINDOWS\System32\sechost.dll
0x00007fff35f90000 - 0x00007fff360b5000 	C:\WINDOWS\System32\RPCRT4.dll
0x00007fff363e0000 - 0x00007fff363e8000 	C:\WINDOWS\System32\PSAPI.DLL
0x00007fff2f270000 - 0x00007fff2f27a000 	C:\WINDOWS\SYSTEM32\VERSION.dll
0x00007fff25ec0000 - 0x00007fff25ee7000 	C:\WINDOWS\SYSTEM32\WINMM.dll
0x00007fff2f990000 - 0x00007fff2f999000 	C:\WINDOWS\SYSTEM32\WSOCK32.dll
0x00007fff355b0000 - 0x00007fff3561b000 	C:\WINDOWS\System32\WS2_32.dll
0x00007fff31d20000 - 0x00007fff31d32000 	C:\WINDOWS\SYSTEM32\kernel.appcore.dll
0x00007fff2ee00000 - 0x00007fff2ee11000 	E:\AndroidProyec\jre\bin\verify.dll
0x00007fff25b80000 - 0x00007fff25d64000 	C:\WINDOWS\SYSTEM32\DBGHELP.DLL
0x00007fff24e00000 - 0x00007fff24e2c000 	C:\WINDOWS\SYSTEM32\dbgcore.DLL
0x00007fff34640000 - 0x00007fff346c2000 	C:\WINDOWS\System32\bcryptPrimitives.dll
0x00007fff2ed20000 - 0x00007fff2ed49000 	E:\AndroidProyec\jre\bin\java.dll
0x00007fff2edb0000 - 0x00007fff2edbb000 	E:\AndroidProyec\jre\bin\jimage.dll
0x00007fff2ece0000 - 0x00007fff2ecf8000 	E:\AndroidProyec\jre\bin\zip.dll
0x00007fff35720000 - 0x00007fff35e64000 	C:\WINDOWS\System32\SHELL32.dll
0x00007fff31f20000 - 0x00007fff326b4000 	C:\WINDOWS\SYSTEM32\windows.storage.dll
0x00007fff34ad0000 - 0x00007fff34e24000 	C:\WINDOWS\System32\combase.dll
0x00007fff33790000 - 0x00007fff337bc000 	C:\WINDOWS\SYSTEM32\Wldp.dll
0x00007fff36330000 - 0x00007fff363dd000 	C:\WINDOWS\System32\SHCORE.dll
0x00007fff35e70000 - 0x00007fff35ec5000 	C:\WINDOWS\System32\shlwapi.dll
0x00007fff33d40000 - 0x00007fff33d5f000 	C:\WINDOWS\SYSTEM32\profapi.dll
0x00007fff2ec80000 - 0x00007fff2ec9a000 	E:\AndroidProyec\jre\bin\net.dll
0x00007fff2ccd0000 - 0x00007fff2cdda000 	C:\WINDOWS\SYSTEM32\WINHTTP.dll
0x00007fff334f0000 - 0x00007fff3355a000 	C:\WINDOWS\system32\mswsock.dll
0x00007fff2c030000 - 0x00007fff2c044000 	E:\AndroidProyec\jre\bin\nio.dll
0x00007fff2fa90000 - 0x00007fff2fab7000 	E:\AndroidProyec\jre\bin\sunec.dll
0x00007fff336f0000 - 0x00007fff33708000 	C:\WINDOWS\SYSTEM32\CRYPTSP.dll
0x00007fff32e70000 - 0x00007fff32ea4000 	C:\WINDOWS\system32\rsaenh.dll
0x00007fff34120000 - 0x00007fff34147000 	C:\WINDOWS\System32\bcrypt.dll
0x00007fff33d00000 - 0x00007fff33d2e000 	C:\WINDOWS\SYSTEM32\USERENV.dll
0x00007fff336e0000 - 0x00007fff336ec000 	C:\WINDOWS\SYSTEM32\CRYPTBASE.dll
0x00007fff331e0000 - 0x00007fff3321b000 	C:\WINDOWS\SYSTEM32\IPHLPAPI.DLL
0x00007fff34920000 - 0x00007fff34928000 	C:\WINDOWS\System32\NSI.dll
0x00007fff2ede0000 - 0x00007fff2edf7000 	C:\WINDOWS\SYSTEM32\dhcpcsvc6.DLL
0x00007fff2ed50000 - 0x00007fff2ed6d000 	C:\WINDOWS\SYSTEM32\dhcpcsvc.DLL
0x00007fff33220000 - 0x00007fff332eb000 	C:\WINDOWS\SYSTEM32\DNSAPI.dll
0x00007fff2c640000 - 0x00007fff2c64a000 	C:\Windows\System32\rasadhlp.dll
0x00007fff2f1b0000 - 0x00007fff2f230000 	C:\WINDOWS\System32\fwpuclnt.dll

dbghelp: loaded successfully - version: 4.0.5 - missing functions: none
symbol engine: initialized successfully - sym options: 0x614 - pdb path: .;E:\AndroidProyec\jre\bin;C:\WINDOWS\SYSTEM32;C:\WINDOWS\WinSxS\amd64_microsoft.windows.common-controls_6595b64144ccf1df_6.0.19041.1110_none_60b5254171f9507e;E:\AndroidProyec\jre\bin\server

VM Arguments:
jvm_args: -Dorg.gradle.appname=gradlew 
java_command: org.gradle.wrapper.GradleWrapperMain -q -Ptarget-platform=android-x86 -Ptarget=E:\DAM 2\Proyecto\Fooding\Fooding\libs\main.dart -Pbase-application-name=android.app.Application -Pdart-defines=Zmx1dHRlci5pbnNwZWN0b3Iuc3RydWN0dXJlZEVycm9ycz10cnVl,RkxVVFRFUl9XRUJfQVVUT19ERVRFQ1Q9dHJ1ZQ== -Pdart-obfuscation=false -Ptrack-widget-creation=true -Ptree-shake-icons=false -Pfilesystem-scheme=org-dartlang-root assembleDebug
java_class_path (initial): E:\DAM 2\Proyecto\Fooding\Fooding\android\\gradle\wrapper\gradle-wrapper.jar
Launcher Type: SUN_STANDARD

[Global flags]
     intx CICompilerCount                          = 3                                         {product} {ergonomic}
     uint ConcGCThreads                            = 2                                         {product} {ergonomic}
     uint G1ConcRefinementThreads                  = 6                                         {product} {ergonomic}
   size_t G1HeapRegionSize                         = 1048576                                   {product} {ergonomic}
    uintx GCDrainStackTargetSize                   = 64                                        {product} {ergonomic}
   size_t InitialHeapSize                          = 132120576                                 {product} {ergonomic}
   size_t MarkStackSize                            = 4194304                                   {product} {ergonomic}
   size_t MaxHeapSize                              = 2090860544                                {product} {ergonomic}
   size_t MaxNewSize                               = 1254096896                                {product} {ergonomic}
   size_t MinHeapDeltaBytes                        = 1048576                                   {product} {ergonomic}
    uintx NonNMethodCodeHeapSize                   = 5830732                                {pd product} {ergonomic}
    uintx NonProfiledCodeHeapSize                  = 122913754                              {pd product} {ergonomic}
    uintx ProfiledCodeHeapSize                     = 122913754                              {pd product} {ergonomic}
    uintx ReservedCodeCacheSize                    = 251658240                              {pd product} {ergonomic}
     bool SegmentedCodeCache                       = true                                      {product} {ergonomic}
     bool UseCompressedClassPointers               = true                                 {lp64_product} {ergonomic}
     bool UseCompressedOops                        = true                                 {lp64_product} {ergonomic}
     bool UseG1GC                                  = true                                      {product} {ergonomic}
     bool UseLargePagesIndividualAllocation        = false                                  {pd product} {ergonomic}

Logging:
Log output configuration:
 #0: stdout all=warning uptime,level,tags
 #1: stderr all=off uptime,level,tags

Environment Variables:
JAVA_HOME=E:\AndroidProyec\jre
CLASSPATH=E:\DAM 2\Proyecto\Fooding\Fooding\android\\gradle\wrapper\gradle-wrapper.jar
PATH=C:\Program Files (x86)\Common Files\Oracle\Java\javapath;C:\Program Files (x86)\VMware\VMware Player\bin\;C:\jdk-16.0.1\bin;C:\WINDOWS\system32;C:\WINDOWS;C:\WINDOWS\System32\Wbem;C:\WINDOWS\System32\WindowsPowerShell\v1.0\;C:\WINDOWS\System32\OpenSSH\;C:\Program Files\PowerShell\7\;C:\Program Files\Microsoft SQL Server\Client SDK\ODBC\170\Tools\Binn\;C:\Program Files (x86)\Microsoft SQL Server\150\Tools\Binn\;C:\Program Files\Microsoft SQL Server\150\Tools\Binn\;C:\Program Files\Microsoft SQL Server\150\DTS\Binn\;C:\Program Files (x86)\Microsoft SQL Server\150\DTS\Binn\;C:\Program Files\Azure Data Studio\bin;C:\Program Files\dotnet\;C:\ProgramData\chocolatey\bin;C:\Users\alumne\AppData\Local\Microsoft\WindowsApps;;E:\DAM 2\Proyecto\flutter_windows_3.0.1-stable\flutter\bin\mingit\cmd
USERNAME=alumne
OS=Windows_NT
PROCESSOR_IDENTIFIER=Intel64 Family 6 Model 158 Stepping 10, GenuineIntel



---------------  S Y S T E M  ---------------

OS: Windows 10 , 64 bit Build 19041 (10.0.19041.1706)
OS uptime: 0 days 1:35 hours

CPU:total 6 (initial active 6) (6 cores per cpu, 1 threads per core) family 6 model 158 stepping 10 microcode 0xb4, cmov, cx8, fxsr, mmx, sse, sse2, sse3, ssse3, sse4.1, sse4.2, popcnt, avx, avx2, aes, clmul, erms, rtm, 3dnowpref, lzcnt, tsc, tscinvbit, bmi1, bmi2, adx, fma

Memory: 4k page, system-wide physical 7973M (353M free)
TotalPageFile size 10437M (AvailPageFile size 0M)
current process WorkingSet (physical memory assigned to process): 80M, peak: 80M
current process commit charge ("private bytes"): 217M, peak: 218M

vm_info: OpenJDK 64-Bit Server VM (11.0.10+0-b96-7249189) for windows-amd64 JRE (11.0.10+0-b96-7249189), built on Mar 31 2021 21:44:00 by "builder" with MS VC++ 14.0 (VS2015)

END.
